<?xml version="1.0" encoding="UTF-8"?>
<!-- Generated by org.testng.reporters.JUnitReportReporter -->
<testsuite skipped="0" hostname="HANUMA-O6S338O" name="com.demo.testng_suite.TC_Widget" tests="1" failures="0" timestamp="08 Nov 2021 17:37:54 GMT" time="0.004" errors="0">
  <testcase name="TC_Widget_004" time="0.004" classname="com.demo.testng_suite.TC_Widget"/>
</testsuite> <!-- com.demo.testng_suite.TC_Widget -->
