<?xml version="1.0" encoding="UTF-8"?>
<!-- Generated by org.testng.reporters.JUnitReportReporter -->
<testsuite skipped="0" hostname="HANUMA-O6S338O" name="com.demo.testng_demo.Annotation_demo" tests="3" failures="0" timestamp="23 Sep 2021 18:28:56 GMT" time="0.035" errors="0">
  <testcase name="imTest3" time="0.003" classname="com.demo.testng_demo.Annotation_demo"/>
  <testcase name="imTest1" time="0.027" classname="com.demo.testng_demo.Annotation_demo"/>
  <testcase name="imTest2" time="0.005" classname="com.demo.testng_demo.Annotation_demo"/>
</testsuite> <!-- com.demo.testng_demo.Annotation_demo -->
