<?xml version="1.0" encoding="UTF-8"?>
<!-- Generated by org.testng.reporters.JUnitReportReporter -->
<testsuite skipped="0" hostname="HANUMA-O6S338O" name="com.demo.testng_demo.PriorityDemo" tests="4" failures="0" timestamp="22 Sep 2021 18:43:19 GMT" time="0.022" errors="0">
  <testcase name="m1" time="0.016" classname="com.demo.testng_demo.PriorityDemo"/>
  <testcase name="m3" time="0.002" classname="com.demo.testng_demo.PriorityDemo"/>
  <testcase name="m2" time="0.001" classname="com.demo.testng_demo.PriorityDemo"/>
  <testcase name="m4" time="0.003" classname="com.demo.testng_demo.PriorityDemo"/>
</testsuite> <!-- com.demo.testng_demo.PriorityDemo -->
