<?xml version="1.0" encoding="UTF-8"?>
<!-- Generated by org.testng.reporters.JUnitReportReporter -->
<testsuite skipped="0" hostname="HANUMA-O6S338O" name="com.demo.testng_demo.AnnotationTest" tests="4" failures="0" timestamp="22 Sep 2021 18:27:38 GMT" time="0.018" errors="0">
  <testcase name="aa1" time="0.001" classname="com.demo.testng_demo.AnnotationTest"/>
  <testcase name="A1a2" time="0.012" classname="com.demo.testng_demo.AnnotationTest"/>
  <testcase name="aa2" time="0.002" classname="com.demo.testng_demo.AnnotationTest"/>
  <testcase name="AAa1" time="0.003" classname="com.demo.testng_demo.AnnotationTest"/>
</testsuite> <!-- com.demo.testng_demo.AnnotationTest -->
