<?xml version="1.0" encoding="UTF-8"?>
<!-- Generated by org.testng.reporters.JUnitReportReporter -->
<testsuite skipped="0" hostname="HANUMA-O6S338O" name="com.qtbots.seltestngscripts.Day3" tests="4" failures="0" timestamp="23 Sep 2021 18:23:01 GMT" time="21.335" errors="0">
  <testcase name="experimentAutoComplete" time="4.868" classname="com.qtbots.seltestngscripts.Day3"/>
  <testcase name="experimentAccordian" time="1.059" classname="com.qtbots.seltestngscripts.Day3"/>
  <testcase name="experimentDropDown" time="11.553" classname="com.qtbots.seltestngscripts.Day3"/>
  <testcase name="experimentRadioButton" time="3.855" classname="com.qtbots.seltestngscripts.Day3"/>
</testsuite> <!-- com.qtbots.seltestngscripts.Day3 -->
