<?xml version="1.0" encoding="UTF-8"?>
<!-- Generated by org.testng.reporters.JUnitReportReporter -->
<testsuite skipped="0" hostname="HANUMA-O6S338O" name="com.demo.testng_suite.TC_Home" tests="2" failures="0" timestamp="08 Nov 2021 17:37:54 GMT" time="0.028" errors="0">
  <testcase name="TC_HOME_004" time="0.004" classname="com.demo.testng_suite.TC_Home"/>
  <testcase name="TC_HOME_001" time="0.024" classname="com.demo.testng_suite.TC_Home"/>
</testsuite> <!-- com.demo.testng_suite.TC_Home -->
