<?xml version="1.0" encoding="UTF-8"?>
<!-- Generated by org.testng.reporters.JUnitReportReporter -->
<testsuite skipped="0" hostname="HANUMA-O6S338O" name="com.demo.testng_demo.DataProviderDemo" tests="3" failures="0" timestamp="22 Sep 2021 18:50:18 GMT" time="0.013" errors="0">
  <testcase name="loginToBrowser" time="0.002" classname="com.demo.testng_demo.DataProviderDemo"/>
  <testcase name="loginToBrowser" time="0.002" classname="com.demo.testng_demo.DataProviderDemo"/>
  <testcase name="loginToBrowser" time="0.009" classname="com.demo.testng_demo.DataProviderDemo"/>
</testsuite> <!-- com.demo.testng_demo.DataProviderDemo -->
